This file contains any messages produced by compilers while
running configure, to aid debugging if configure makes a mistake.

It was created by fuse-umfuse-fat configure 0.1, which was
generated by GNU Autoconf 2.68.  Invocation command line was

  $ ./configure LDFLAGS=-static CFLAGS=-g

## --------- ##
## Platform. ##
## --------- ##

hostname = eugeny-laptop
uname -m = i686
uname -r = 3.0.0-10-generic
uname -s = Linux
uname -v = #16-Ubuntu SMP Fri Sep 2 18:38:35 UTC 2011

/usr/bin/uname -p = unknown
/bin/uname -X     = unknown

/bin/arch              = unknown
/usr/bin/arch -k       = unknown
/usr/convex/getsysinfo = unknown
/usr/bin/hostinfo      = unknown
/bin/machine           = unknown
/usr/bin/oslevel       = unknown
/bin/universe          = unknown

PATH: /usr/local/sbin
PATH: /usr/local/bin
PATH: /usr/sbin
PATH: /usr/bin
PATH: /sbin
PATH: /bin
PATH: /usr/games


## ----------- ##
## Core tests. ##
## ----------- ##

configure:2416: checking for a BSD-compatible install
configure:2484: result: /usr/bin/install -c
configure:2495: checking whether build environment is sane
configure:2545: result: yes
configure:2686: checking for a thread-safe mkdir -p
configure:2725: result: /bin/mkdir -p
configure:2738: checking for gawk
configure:2754: found /usr/bin/gawk
configure:2765: result: gawk
configure:2776: checking whether make sets $(MAKE)
configure:2798: result: yes
configure:2931: checking for gcc
configure:2947: found /usr/bin/gcc
configure:2958: result: gcc
configure:3187: checking for C compiler version
configure:3196: gcc --version >&5
gcc (Ubuntu/Linaro 4.6.1-9ubuntu2) 4.6.1
Copyright (C) 2011 Free Software Foundation, Inc.
This is free software; see the source for copying conditions.  There is NO
warranty; not even for MERCHANTABILITY or FITNESS FOR A PARTICULAR PURPOSE.

configure:3207: $? = 0
configure:3196: gcc -v >&5
Using built-in specs.
COLLECT_GCC=gcc
COLLECT_LTO_WRAPPER=/usr/lib/gcc/i686-linux-gnu/4.6.1/lto-wrapper
Target: i686-linux-gnu
Configured with: ../src/configure -v --with-pkgversion='Ubuntu/Linaro 4.6.1-9ubuntu2' --with-bugurl=file:///usr/share/doc/gcc-4.6/README.Bugs --enable-languages=c,c++,fortran,objc,obj-c++,go --prefix=/usr --program-suffix=-4.6 --enable-shared --enable-linker-build-id --with-system-zlib --libexecdir=/usr/lib --without-included-gettext --enable-threads=posix --with-gxx-include-dir=/usr/include/c++/4.6 --libdir=/usr/lib --enable-nls --with-sysroot=/ --enable-clocale=gnu --enable-libstdcxx-debug --enable-libstdcxx-time=yes --enable-plugin --enable-objc-gc --enable-targets=all --disable-werror --with-arch-32=i686 --with-tune=generic --enable-checking=release --build=i686-linux-gnu --host=i686-linux-gnu --target=i686-linux-gnu
Thread model: posix
gcc version 4.6.1 (Ubuntu/Linaro 4.6.1-9ubuntu2) 
configure:3207: $? = 0
configure:3196: gcc -V >&5
gcc: error: unrecognized option '-V'
gcc: fatal error: no input files
compilation terminated.
configure:3207: $? = 4
configure:3196: gcc -qversion >&5
gcc: error: unrecognized option '-qversion'
gcc: fatal error: no input files
compilation terminated.
configure:3207: $? = 4
configure:3227: checking whether the C compiler works
configure:3249: gcc -g  -static conftest.c  >&5
configure:3253: $? = 0
configure:3301: result: yes
configure:3304: checking for C compiler default output file name
configure:3306: result: a.out
configure:3312: checking for suffix of executables
configure:3319: gcc -o conftest -g  -static conftest.c  >&5
configure:3323: $? = 0
configure:3345: result: 
configure:3367: checking whether we are cross compiling
configure:3375: gcc -o conftest -g  -static conftest.c  >&5
configure:3379: $? = 0
configure:3386: ./conftest
configure:3390: $? = 0
configure:3405: result: no
configure:3410: checking for suffix of object files
configure:3432: gcc -c -g  conftest.c >&5
configure:3436: $? = 0
configure:3457: result: o
configure:3461: checking whether we are using the GNU C compiler
configure:3480: gcc -c -g  conftest.c >&5
configure:3480: $? = 0
configure:3489: result: yes
configure:3498: checking whether gcc accepts -g
configure:3518: gcc -c -g  conftest.c >&5
configure:3518: $? = 0
configure:3559: result: yes
configure:3576: checking for gcc option to accept ISO C89
configure:3640: gcc  -c -g  conftest.c >&5
configure:3640: $? = 0
configure:3653: result: none needed
configure:3684: checking for style of include used by make
configure:3712: result: GNU
configure:3737: checking dependency style of gcc
configure:3847: result: gcc3
configure:3891: checking build system type
configure:3905: result: i686-pc-linux-gnu
configure:3925: checking host system type
configure:3938: result: i686-pc-linux-gnu
configure:3979: checking how to print strings
configure:4006: result: printf
configure:4027: checking for a sed that does not truncate output
configure:4091: result: /bin/sed
configure:4109: checking for grep that handles long lines and -e
configure:4167: result: /bin/grep
configure:4172: checking for egrep
configure:4234: result: /bin/grep -E
configure:4239: checking for fgrep
configure:4301: result: /bin/grep -F
configure:4336: checking for ld used by gcc
configure:4403: result: /usr/bin/ld
configure:4410: checking if the linker (/usr/bin/ld) is GNU ld
configure:4425: result: yes
configure:4437: checking for BSD- or MS-compatible name lister (nm)
configure:4486: result: /usr/bin/nm -B
configure:4616: checking the name lister (/usr/bin/nm -B) interface
configure:4623: gcc -c -g  conftest.c >&5
configure:4626: /usr/bin/nm -B "conftest.o"
configure:4629: output
00000000 B some_variable
configure:4636: result: BSD nm
configure:4639: checking whether ln -s works
configure:4643: result: yes
configure:4651: checking the maximum length of command line arguments
configure:4776: result: 1572864
configure:4793: checking whether the shell understands some XSI constructs
configure:4803: result: yes
configure:4807: checking whether the shell understands "+="
configure:4813: result: yes
configure:4848: checking how to convert i686-pc-linux-gnu file names to i686-pc-linux-gnu format
configure:4888: result: func_convert_file_noop
configure:4895: checking how to convert i686-pc-linux-gnu file names to toolchain format
configure:4915: result: func_convert_file_noop
configure:4922: checking for /usr/bin/ld option to reload object files
configure:4929: result: -r
configure:5003: checking for objdump
configure:5019: found /usr/bin/objdump
configure:5030: result: objdump
configure:5062: checking how to recognize dependent libraries
configure:5264: result: pass_all
configure:5349: checking for dlltool
configure:5379: result: no
configure:5409: checking how to associate runtime and link libraries
configure:5436: result: printf %s\n
configure:5497: checking for ar
configure:5513: found /usr/bin/ar
configure:5524: result: ar
configure:5561: checking for archiver @FILE support
configure:5578: gcc -c -g  conftest.c >&5
configure:5578: $? = 0
configure:5581: ar cru libconftest.a @conftest.lst >&5
configure:5584: $? = 0
configure:5589: ar cru libconftest.a @conftest.lst >&5
ar: conftest.o: No such file or directory
configure:5592: $? = 1
configure:5604: result: @
configure:5662: checking for strip
configure:5678: found /usr/bin/strip
configure:5689: result: strip
configure:5761: checking for ranlib
configure:5777: found /usr/bin/ranlib
configure:5788: result: ranlib
configure:5890: checking command to parse /usr/bin/nm -B output from gcc object
configure:6009: gcc -c -g  conftest.c >&5
configure:6012: $? = 0
configure:6016: /usr/bin/nm -B conftest.o \| sed -n -e 's/^.*[ ]\([ABCDGIRSTW][ABCDGIRSTW]*\)[ ][ ]*\([_A-Za-z][_A-Za-z0-9]*\)$/\1 \2 \2/p' | sed '/ __gnu_lto/d' \> conftest.nm
configure:6019: $? = 0
configure:6085: gcc -o conftest -g  -static conftest.c conftstm.o >&5
configure:6088: $? = 0
configure:6126: result: ok
configure:6163: checking for sysroot
configure:6193: result: no
configure:6436: checking for mt
configure:6452: found /bin/mt
configure:6463: result: mt
configure:6486: checking if mt is a manifest tool
configure:6492: mt '-?'
configure:6500: result: no
configure:7132: checking how to run the C preprocessor
configure:7163: gcc -E  conftest.c
configure:7163: $? = 0
configure:7177: gcc -E  conftest.c
conftest.c:11:28: fatal error: ac_nonexistent.h: No such file or directory
compilation terminated.
configure:7177: $? = 1
configure: failed program was:
| /* confdefs.h */
| #define PACKAGE_NAME "fuse-umfuse-fat"
| #define PACKAGE_TARNAME "fuse-umfuse-fat"
| #define PACKAGE_VERSION "0.1"
| #define PACKAGE_STRING "fuse-umfuse-fat 0.1"
| #define PACKAGE_BUGREPORT "osd@cs.unibo.it"
| #define PACKAGE_URL ""
| #define PACKAGE "fuse-umfuse-fat"
| #define VERSION "0.1"
| /* end confdefs.h.  */
| #include <ac_nonexistent.h>
configure:7202: result: gcc -E
configure:7222: gcc -E  conftest.c
configure:7222: $? = 0
configure:7236: gcc -E  conftest.c
conftest.c:11:28: fatal error: ac_nonexistent.h: No such file or directory
compilation terminated.
configure:7236: $? = 1
configure: failed program was:
| /* confdefs.h */
| #define PACKAGE_NAME "fuse-umfuse-fat"
| #define PACKAGE_TARNAME "fuse-umfuse-fat"
| #define PACKAGE_VERSION "0.1"
| #define PACKAGE_STRING "fuse-umfuse-fat 0.1"
| #define PACKAGE_BUGREPORT "osd@cs.unibo.it"
| #define PACKAGE_URL ""
| #define PACKAGE "fuse-umfuse-fat"
| #define VERSION "0.1"
| /* end confdefs.h.  */
| #include <ac_nonexistent.h>
configure:7265: checking for ANSI C header files
configure:7285: gcc -c -g  conftest.c >&5
configure:7285: $? = 0
configure:7358: gcc -o conftest -g  -static conftest.c  >&5
configure:7358: $? = 0
configure:7358: ./conftest
configure:7358: $? = 0
configure:7369: result: yes
configure:7382: checking for sys/types.h
configure:7382: gcc -c -g  conftest.c >&5
configure:7382: $? = 0
configure:7382: result: yes
configure:7382: checking for sys/stat.h
configure:7382: gcc -c -g  conftest.c >&5
configure:7382: $? = 0
configure:7382: result: yes
configure:7382: checking for stdlib.h
configure:7382: gcc -c -g  conftest.c >&5
configure:7382: $? = 0
configure:7382: result: yes
configure:7382: checking for string.h
configure:7382: gcc -c -g  conftest.c >&5
configure:7382: $? = 0
configure:7382: result: yes
configure:7382: checking for memory.h
configure:7382: gcc -c -g  conftest.c >&5
configure:7382: $? = 0
configure:7382: result: yes
configure:7382: checking for strings.h
configure:7382: gcc -c -g  conftest.c >&5
configure:7382: $? = 0
configure:7382: result: yes
configure:7382: checking for inttypes.h
configure:7382: gcc -c -g  conftest.c >&5
configure:7382: $? = 0
configure:7382: result: yes
configure:7382: checking for stdint.h
configure:7382: gcc -c -g  conftest.c >&5
configure:7382: $? = 0
configure:7382: result: yes
configure:7382: checking for unistd.h
configure:7382: gcc -c -g  conftest.c >&5
configure:7382: $? = 0
configure:7382: result: yes
configure:7396: checking for dlfcn.h
configure:7396: gcc -c -g  conftest.c >&5
configure:7396: $? = 0
configure:7396: result: yes
configure:7583: checking for objdir
configure:7598: result: .libs
configure:7865: checking if gcc supports -fno-rtti -fno-exceptions
configure:7883: gcc -c -g  -fno-rtti -fno-exceptions conftest.c >&5
cc1: warning: command line option '-fno-rtti' is valid for C++/ObjC++ but not for C [enabled by default]
configure:7887: $? = 0
configure:7900: result: no
configure:8210: checking for gcc option to produce PIC
configure:8217: result: -fPIC -DPIC
configure:8225: checking if gcc PIC flag -fPIC -DPIC works
configure:8243: gcc -c -g  -fPIC -DPIC -DPIC conftest.c >&5
configure:8247: $? = 0
configure:8260: result: yes
configure:8289: checking if gcc static flag -static works
configure:8317: result: yes
configure:8332: checking if gcc supports -c -o file.o
configure:8353: gcc -c -g  -o out/conftest2.o conftest.c >&5
configure:8357: $? = 0
configure:8379: result: yes
configure:8387: checking if gcc supports -c -o file.o
configure:8434: result: yes
configure:8467: checking whether the gcc linker (/usr/bin/ld) supports shared libraries
configure:9629: result: yes
configure:9666: checking whether -lc should be explicitly linked in
configure:9674: gcc -c -g  conftest.c >&5
configure:9677: $? = 0
configure:9692: gcc -shared  -fPIC -DPIC conftest.o  -v -Wl,-soname -Wl,conftest -o conftest 2\>\&1 \| /bin/grep  -lc  \>/dev/null 2\>\&1
configure:9695: $? = 0
configure:9709: result: no
configure:9874: checking dynamic linker characteristics
configure:10389: gcc -o conftest -g  -static -Wl,-rpath -Wl,/foo conftest.c  >&5
configure:10389: $? = 0
configure:10623: result: GNU/Linux ld.so
configure:10730: checking how to hardcode library paths into programs
configure:10755: result: immediate
configure:11295: checking whether stripping libraries is possible
configure:11300: result: yes
configure:11335: checking if libtool supports shared libraries
configure:11337: result: yes
configure:11340: checking whether to build shared libraries
configure:11361: result: yes
configure:11364: checking whether to build static libraries
configure:11368: result: yes
configure:11459: checking for pkg-config
configure:11477: found /usr/bin/pkg-config
configure:11489: result: /usr/bin/pkg-config
configure:11514: checking pkg-config is at least version 0.9.0
configure:11517: result: yes
configure:11527: checking for FUSE
configure:11534: $PKG_CONFIG --exists --print-errors "fuse"
Package fuse was not found in the pkg-config search path.
Perhaps you should add the directory containing `fuse.pc'
to the PKG_CONFIG_PATH environment variable
No package 'fuse' found
configure:11537: $? = 1
configure:11551: $PKG_CONFIG --exists --print-errors "fuse"
Package fuse was not found in the pkg-config search path.
Perhaps you should add the directory containing `fuse.pc'
to the PKG_CONFIG_PATH environment variable
No package 'fuse' found
configure:11554: $? = 1
configure:11568: result: no
No package 'fuse' found
configure:11584: error: Package requirements (fuse) were not met:

No package 'fuse' found

Consider adjusting the PKG_CONFIG_PATH environment variable if you
installed software in a non-standard prefix.

Alternatively, you may set the environment variables FUSE_CFLAGS
and FUSE_LIBS to avoid the need to call pkg-config.
See the pkg-config man page for more details.

## ---------------- ##
## Cache variables. ##
## ---------------- ##

ac_cv_build=i686-pc-linux-gnu
ac_cv_c_compiler_gnu=yes
ac_cv_env_CC_set=
ac_cv_env_CC_value=
ac_cv_env_CFLAGS_set=set
ac_cv_env_CFLAGS_value=-g
ac_cv_env_CPPFLAGS_set=
ac_cv_env_CPPFLAGS_value=
ac_cv_env_CPP_set=
ac_cv_env_CPP_value=
ac_cv_env_FUSE_CFLAGS_set=
ac_cv_env_FUSE_CFLAGS_value=
ac_cv_env_FUSE_LIBS_set=
ac_cv_env_FUSE_LIBS_value=
ac_cv_env_GLIB2_CFLAGS_set=
ac_cv_env_GLIB2_CFLAGS_value=
ac_cv_env_GLIB2_LIBS_set=
ac_cv_env_GLIB2_LIBS_value=
ac_cv_env_LDFLAGS_set=set
ac_cv_env_LDFLAGS_value=-static
ac_cv_env_LIBS_set=
ac_cv_env_LIBS_value=
ac_cv_env_PKG_CONFIG_LIBDIR_set=
ac_cv_env_PKG_CONFIG_LIBDIR_value=
ac_cv_env_PKG_CONFIG_PATH_set=
ac_cv_env_PKG_CONFIG_PATH_value=
ac_cv_env_PKG_CONFIG_set=
ac_cv_env_PKG_CONFIG_value=
ac_cv_env_build_alias_set=
ac_cv_env_build_alias_value=
ac_cv_env_host_alias_set=
ac_cv_env_host_alias_value=
ac_cv_env_target_alias_set=
ac_cv_env_target_alias_value=
ac_cv_header_dlfcn_h=yes
ac_cv_header_inttypes_h=yes
ac_cv_header_memory_h=yes
ac_cv_header_stdc=yes
ac_cv_header_stdint_h=yes
ac_cv_header_stdlib_h=yes
ac_cv_header_string_h=yes
ac_cv_header_strings_h=yes
ac_cv_header_sys_stat_h=yes
ac_cv_header_sys_types_h=yes
ac_cv_header_unistd_h=yes
ac_cv_host=i686-pc-linux-gnu
ac_cv_objext=o
ac_cv_path_EGREP='/bin/grep -E'
ac_cv_path_FGREP='/bin/grep -F'
ac_cv_path_GREP=/bin/grep
ac_cv_path_SED=/bin/sed
ac_cv_path_ac_pt_PKG_CONFIG=/usr/bin/pkg-config
ac_cv_path_install='/usr/bin/install -c'
ac_cv_path_mkdir=/bin/mkdir
ac_cv_prog_AWK=gawk
ac_cv_prog_CPP='gcc -E'
ac_cv_prog_ac_ct_AR=ar
ac_cv_prog_ac_ct_CC=gcc
ac_cv_prog_ac_ct_MANIFEST_TOOL=mt
ac_cv_prog_ac_ct_OBJDUMP=objdump
ac_cv_prog_ac_ct_RANLIB=ranlib
ac_cv_prog_ac_ct_STRIP=strip
ac_cv_prog_cc_c89=
ac_cv_prog_cc_g=yes
ac_cv_prog_make_make_set=yes
am_cv_CC_dependencies_compiler_type=gcc3
lt_cv_ar_at_file=@
lt_cv_archive_cmds_need_lc=no
lt_cv_deplibs_check_method=pass_all
lt_cv_file_magic_cmd='$MAGIC_CMD'
lt_cv_file_magic_test_file=
lt_cv_ld_reload_flag=-r
lt_cv_nm_interface='BSD nm'
lt_cv_objdir=.libs
lt_cv_path_LD=/usr/bin/ld
lt_cv_path_NM='/usr/bin/nm -B'
lt_cv_path_mainfest_tool=no
lt_cv_prog_compiler_c_o=yes
lt_cv_prog_compiler_pic='-fPIC -DPIC'
lt_cv_prog_compiler_pic_works=yes
lt_cv_prog_compiler_rtti_exceptions=no
lt_cv_prog_compiler_static_works=yes
lt_cv_prog_gnu_ld=yes
lt_cv_sharedlib_from_linklib_cmd='printf %s\n'
lt_cv_shlibpath_overrides_runpath=no
lt_cv_sys_global_symbol_pipe='sed -n -e '\''s/^.*[	 ]\([ABCDGIRSTW][ABCDGIRSTW]*\)[	 ][	 ]*\([_A-Za-z][_A-Za-z0-9]*\)$/\1 \2 \2/p'\'' | sed '\''/ __gnu_lto/d'\'''
lt_cv_sys_global_symbol_to_c_name_address='sed -n -e '\''s/^: \([^ ]*\)[ ]*$/  {\"\1\", (void *) 0},/p'\'' -e '\''s/^[ABCDGIRSTW]* \([^ ]*\) \([^ ]*\)$/  {"\2", (void *) \&\2},/p'\'''
lt_cv_sys_global_symbol_to_c_name_address_lib_prefix='sed -n -e '\''s/^: \([^ ]*\)[ ]*$/  {\"\1\", (void *) 0},/p'\'' -e '\''s/^[ABCDGIRSTW]* \([^ ]*\) \(lib[^ ]*\)$/  {"\2", (void *) \&\2},/p'\'' -e '\''s/^[ABCDGIRSTW]* \([^ ]*\) \([^ ]*\)$/  {"lib\2", (void *) \&\2},/p'\'''
lt_cv_sys_global_symbol_to_cdecl='sed -n -e '\''s/^T .* \(.*\)$/extern int \1();/p'\'' -e '\''s/^[ABCDGIRSTW]* .* \(.*\)$/extern char \1;/p'\'''
lt_cv_sys_max_cmd_len=1572864
lt_cv_to_host_file_cmd=func_convert_file_noop
lt_cv_to_tool_file_cmd=func_convert_file_noop

## ----------------- ##
## Output variables. ##
## ----------------- ##

ACLOCAL='${SHELL} /home/eugeny/myos/fat/missing --run aclocal-1.11'
ALLOCA=''
AMDEPBACKSLASH='\'
AMDEP_FALSE='#'
AMDEP_TRUE=''
AMTAR='${SHELL} /home/eugeny/myos/fat/missing --run tar'
AR='ar'
AUTOCONF='${SHELL} /home/eugeny/myos/fat/missing --run autoconf'
AUTOHEADER='${SHELL} /home/eugeny/myos/fat/missing --run autoheader'
AUTOMAKE='${SHELL} /home/eugeny/myos/fat/missing --run automake-1.11'
AWK='gawk'
CC='gcc'
CCDEPMODE='depmode=gcc3'
CFLAGS='-g'
CPP='gcc -E'
CPPFLAGS=''
CYGPATH_W='echo'
DEFS=''
DEPDIR='.deps'
DLLTOOL='false'
DSYMUTIL=''
DUMPBIN=''
ECHO_C=''
ECHO_N='-n'
ECHO_T=''
EGREP='/bin/grep -E'
EXEEXT=''
FGREP='/bin/grep -F'
FUSE_CFLAGS=''
FUSE_LIBS=''
GLIB2_CFLAGS=''
GLIB2_LIBS=''
GREP='/bin/grep'
INSTALL_DATA='${INSTALL} -m 644'
INSTALL_PROGRAM='${INSTALL}'
INSTALL_SCRIPT='${INSTALL}'
INSTALL_STRIP_PROGRAM='$(install_sh) -c -s'
LD='/usr/bin/ld'
LDFLAGS='-static'
LIBOBJS=''
LIBS=''
LIBTOOL='$(SHELL) $(top_builddir)/libtool'
LIPO=''
LN_S='ln -s'
LTLIBOBJS=''
MAKEINFO='${SHELL} /home/eugeny/myos/fat/missing --run makeinfo'
MANIFEST_TOOL=':'
MKDIR_P='/bin/mkdir -p'
NM='/usr/bin/nm -B'
NMEDIT=''
OBJDUMP='objdump'
OBJEXT='o'
OTOOL64=''
OTOOL=''
PACKAGE='fuse-umfuse-fat'
PACKAGE_BUGREPORT='osd@cs.unibo.it'
PACKAGE_NAME='fuse-umfuse-fat'
PACKAGE_STRING='fuse-umfuse-fat 0.1'
PACKAGE_TARNAME='fuse-umfuse-fat'
PACKAGE_URL=''
PACKAGE_VERSION='0.1'
PATH_SEPARATOR=':'
PKG_CONFIG='/usr/bin/pkg-config'
PKG_CONFIG_LIBDIR=''
PKG_CONFIG_PATH=''
RANLIB='ranlib'
SED='/bin/sed'
SET_MAKE=''
SHELL='/bin/bash'
STRIP='strip'
VERSION='0.1'
ac_ct_AR='ar'
ac_ct_CC='gcc'
ac_ct_DUMPBIN=''
am__EXEEXT_FALSE=''
am__EXEEXT_TRUE=''
am__fastdepCC_FALSE='#'
am__fastdepCC_TRUE=''
am__include='include'
am__isrc=''
am__leading_dot='.'
am__quote=''
am__tar='${AMTAR} chof - "$$tardir"'
am__untar='${AMTAR} xf -'
bindir='${exec_prefix}/bin'
build='i686-pc-linux-gnu'
build_alias=''
build_cpu='i686'
build_os='linux-gnu'
build_vendor='pc'
datadir='${datarootdir}'
datarootdir='${prefix}/share'
docdir='${datarootdir}/doc/${PACKAGE_TARNAME}'
dvidir='${docdir}'
exec_prefix='NONE'
host='i686-pc-linux-gnu'
host_alias=''
host_cpu='i686'
host_os='linux-gnu'
host_vendor='pc'
htmldir='${docdir}'
includedir='${prefix}/include'
infodir='${datarootdir}/info'
install_sh='${SHELL} /home/eugeny/myos/fat/install-sh'
libdir='${exec_prefix}/lib'
libexecdir='${exec_prefix}/libexec'
localedir='${datarootdir}/locale'
localstatedir='${prefix}/var'
mandir='${datarootdir}/man'
mkdir_p='/bin/mkdir -p'
oldincludedir='/usr/include'
pdfdir='${docdir}'
prefix='NONE'
program_transform_name='s,x,x,'
psdir='${docdir}'
sbindir='${exec_prefix}/sbin'
sharedstatedir='${prefix}/com'
sysconfdir='${prefix}/etc'
target_alias=''

## ----------- ##
## confdefs.h. ##
## ----------- ##

/* confdefs.h */
#define PACKAGE_NAME "fuse-umfuse-fat"
#define PACKAGE_TARNAME "fuse-umfuse-fat"
#define PACKAGE_VERSION "0.1"
#define PACKAGE_STRING "fuse-umfuse-fat 0.1"
#define PACKAGE_BUGREPORT "osd@cs.unibo.it"
#define PACKAGE_URL ""
#define PACKAGE "fuse-umfuse-fat"
#define VERSION "0.1"
#define STDC_HEADERS 1
#define HAVE_SYS_TYPES_H 1
#define HAVE_SYS_STAT_H 1
#define HAVE_STDLIB_H 1
#define HAVE_STRING_H 1
#define HAVE_MEMORY_H 1
#define HAVE_STRINGS_H 1
#define HAVE_INTTYPES_H 1
#define HAVE_STDINT_H 1
#define HAVE_UNISTD_H 1
#define HAVE_DLFCN_H 1
#define LT_OBJDIR ".libs/"

configure: exit 1
